#
# A fatal error has been detected by the Java Runtime Environment:
#
#  SIGSEGV (0xb) at pc=0x0000000108c32d20, pid=42274, tid=17155
#
# JRE version: Java(TM) SE Runtime Environment (8.0_40-b27) (build 1.8.0_40-b27)
# Java VM: Java HotSpot(TM) 64-Bit Server VM (25.40-b25 mixed mode bsd-amd64 compressed oops)
# Problematic frame:
# V  [libjvm.dylib+0x432d20]
#
# Failed to write core dump. Core dumps have been disabled. To enable core dumping, try "ulimit -c unlimited" before starting Java again
#
# If you would like to submit a bug report, please visit:
#   http://bugreport.java.com/bugreport/crash.jsp
#

---------------  T H R E A D  ---------------

Current thread (0x00007fb735816800):  JavaThread "JDWP Transport Listener: dt_socket" daemon [_thread_in_vm, id=17155, stack(0x000070000eb9d000,0x000070000ec9d000)]

siginfo: si_signo: 11 (SIGSEGV), si_code: 0 (unknown), si_addr: 0x0000000000000000

Registers:
RAX=0x0000000000000001, RBX=0x000070000ec9ca8b, RCX=0x0000000108ffa190, RDX=0x000070000ec9ca8b
RSP=0x000070000ec9c9d0, RBP=0x000070000ec9c9e0, RSI=0x00007fb735816800, RDI=0x3b003b656c000002
R8 =0x0000000000000000, R9 =0x00007fb734c54b50, R10=0x0000000000000001, R11=0x0000000000000001
R12=0x00007fb735816800, R13=0x3b003b656c000002, R14=0x3b003b656c000002, R15=0x00007fb734e01b90
RIP=0x0000000108c32d20, EFLAGS=0x0000000000010202, ERR=0x0000000000000000
  TRAPNO=0x000000000000000d

Top of Stack: (sp=0x000070000ec9c9d0)
0x000070000ec9c9d0:   000070000ec9ca8b 000070000ec9ca8b
0x000070000ec9c9e0:   000070000ec9ca40 0000000108b4311a
0x000070000ec9c9f0:   00007fb735816800 0000000000000000
0x000070000ec9ca00:   0000000000000000 0000000000000000
0x000070000ec9ca10:   00007fb735816800 00007fb735816800
0x000070000ec9ca20:   000070000ec9ca8b 000070000ec9ca90
0x000070000ec9ca30:   3b003b656c000002 0000000000000002
0x000070000ec9ca40:   000070000ec9ca60 0000000107ed1780
0x000070000ec9ca50:   0000000000000001 000070000ec9cb08
0x000070000ec9ca60:   000070000ec9cad0 0000000107eb61f3
0x000070000ec9ca70:   000070000ec9caa0 00007fb734c54ab0
0x000070000ec9ca80:   0000000300000032 0000000900c9cb08
0x000070000ec9ca90:   0000000000000000 0000000000000000
0x000070000ec9caa0:   0000000000000000 000070000ec9cc90
0x000070000ec9cab0:   0000000107ed8e7a 00007fb734c18bf0
0x000070000ec9cac0:   000070000ec9cb08 0000000107ee4598
0x000070000ec9cad0:   000070000ec9cae0 0000000107eb62ec
0x000070000ec9cae0:   000070000ec9cd00 0000000107ebf898
0x000070000ec9caf0:   000005c400000013 00000000000f0200
0x000070000ec9cb00:   00007fb734c06340 000070000ec9cbf7
0x000070000ec9cb10:   00007fb70000008d 000070000ec9cb20
0x000070000ec9cb20:   00007fb70000009f 000070000ec9cb58
0x000070000ec9cb30:   0000000000000000 0000000000000000
0x000070000ec9cb40:   000005c40000001c 00007fb700005a80
0x000070000ec9cb50:   000070000ec9cb58 b77f000003000000
0x000070000ec9cb60:   05000000f892d434 0000007469736976
0x000070000ec9cb70:   612f67726f4c284c 65782f6568636170
0x000070000ec9cb80:   2f73782f73656372 3b6c65646f4d5358
0x000070000ec9cb90:   6170612f67726f4c 637265782f656863
0x000070000ec9cba0:   53582f73782f7365 44746e656d656c45
0x000070000ec9cbb0:   69746172616c6365 00000056293b6e6f
0x000070000ec9cbc0:   7f00000a00000000 0000004815f434b7 

Instructions: (pc=0x0000000108c32d20)
0x0000000108c32d00:   40 48 48 85 c0 75 e0 30 c0 0f b6 c0 5d c3 31 c0
0x0000000108c32d10:   5d c3 55 48 89 e5 53 48 83 ec 08 48 85 ff 74 24
0x0000000108c32d20:   48 8b 1f 48 85 db 74 1c 48 83 fb 37 74 16 48 8b
0x0000000108c32d30:   03 48 89 df ff 50 10 84 c0 b8 00 00 00 00 48 0f 

Register to memory mapping:

RAX=0x0000000000000001 is an unknown value
RBX=0x000070000ec9ca8b is pointing into the stack for thread: 0x00007fb735816800
RCX=0x0000000108ffa190: UseMembar+0 in /Library/Java/JavaVirtualMachines/jdk1.8.0_40.jdk/Contents/Home/jre/lib/server/libjvm.dylib at 0x0000000108800000
RDX=0x000070000ec9ca8b is pointing into the stack for thread: 0x00007fb735816800
RSP=0x000070000ec9c9d0 is pointing into the stack for thread: 0x00007fb735816800
RBP=0x000070000ec9c9e0 is pointing into the stack for thread: 0x00007fb735816800
RSI=0x00007fb735816800 is a thread
RDI=0x3b003b656c000002 is an unknown value
R8 =0x0000000000000000 is an unknown value
R9 =0x00007fb734c54b50 is an unknown value
R10=0x0000000000000001 is an unknown value
R11=0x0000000000000001 is an unknown value
R12=0x00007fb735816800 is a thread
R13=0x3b003b656c000002 is an unknown value
R14=0x3b003b656c000002 is an unknown value
R15=0x00007fb734e01b90 is an unknown value


Stack: [0x000070000eb9d000,0x000070000ec9d000],  sp=0x000070000ec9c9d0,  free space=1022k
Native frames: (J=compiled Java code, j=interpreted, Vv=VM code, C=native code)
V  [libjvm.dylib+0x432d20]
V  [libjvm.dylib+0x34311a]
C  [libjdwp.dylib+0x20780]  isMethodSynthetic+0x63
C  [libjdwp.dylib+0x51f3]  methods1+0x10b
C  [libjdwp.dylib+0x52ec]  methodsWithGeneric+0xe
C  [libjdwp.dylib+0xe898]  debugLoop_run+0x1ce
C  [libjdwp.dylib+0x1f6ba]  attachThread+0x4d
V  [libjvm.dylib+0x384060]
V  [libjvm.dylib+0x549acf]
V  [libjvm.dylib+0x54b1c0]
V  [libjvm.dylib+0x46ea8e]
C  [libsystem_pthread.dylib+0x393b]  _pthread_body+0xb4
C  [libsystem_pthread.dylib+0x3887]  _pthread_body+0x0
C  [libsystem_pthread.dylib+0x308d]  thread_start+0xd
C  0x0000000000000000


---------------  P R O C E S S  ---------------

Java Threads: ( => current thread )
  0x00007fb73682f800 JavaThread "Service Thread" daemon [_thread_blocked, id=20227, stack(0x000070000f1af000,0x000070000f2af000)]
  0x00007fb735819800 JavaThread "C1 CompilerThread2" daemon [_thread_blocked, id=19715, stack(0x000070000f0ac000,0x000070000f1ac000)]
  0x00007fb73502e000 JavaThread "C2 CompilerThread1" daemon [_thread_blocked, id=19203, stack(0x000070000efa9000,0x000070000f0a9000)]
  0x00007fb736057000 JavaThread "C2 CompilerThread0" daemon [_thread_blocked, id=18691, stack(0x000070000eea6000,0x000070000efa6000)]
  0x00007fb735818000 JavaThread "JDWP Command Reader" daemon [_thread_in_native, id=18179, stack(0x000070000eda3000,0x000070000eea3000)]
  0x00007fb735817000 JavaThread "JDWP Event Helper Thread" daemon [_thread_blocked, id=17667, stack(0x000070000eca0000,0x000070000eda0000)]
=>0x00007fb735816800 JavaThread "JDWP Transport Listener: dt_socket" daemon [_thread_in_vm, id=17155, stack(0x000070000eb9d000,0x000070000ec9d000)]
  0x00007fb736806000 JavaThread "Signal Dispatcher" daemon [_thread_blocked, id=16643, stack(0x000070000ea9a000,0x000070000eb9a000)]
  0x00007fb736046800 JavaThread "Finalizer" daemon [_thread_blocked, id=12547, stack(0x000070000e997000,0x000070000ea97000)]
  0x00007fb736005000 JavaThread "Reference Handler" daemon [_thread_blocked, id=12035, stack(0x000070000e894000,0x000070000e994000)]
  0x00007fb736007000 JavaThread "main" [_thread_blocked, id=7171, stack(0x000070000e282000,0x000070000e382000)]

Other Threads:
  0x00007fb735016000 VMThread [stack: 0x000070000e791000,0x000070000e891000] [id=11523]
  0x00007fb735021000 WatcherThread [stack: 0x000070000f2b2000,0x000070000f3b2000] [id=20739]

VM state:not at safepoint (normal execution)

VM Mutex/Monitor currently owned by a thread: None

Heap:
 PSYoungGen      total 38400K, used 25388K [0x0000000795580000, 0x0000000798000000, 0x00000007c0000000)
  eden space 33280K, 76% used [0x0000000795580000,0x0000000796e4b2d8,0x0000000797600000)
  from space 5120K, 0% used [0x0000000797b00000,0x0000000797b00000,0x0000000798000000)
  to   space 5120K, 0% used [0x0000000797600000,0x0000000797600000,0x0000000797b00000)
 ParOldGen       total 87552K, used 0K [0x0000000740000000, 0x0000000745580000, 0x0000000795580000)
  object space 87552K, 0% used [0x0000000740000000,0x0000000740000000,0x0000000745580000)
 Metaspace       used 5540K, capacity 6488K, committed 6656K, reserved 1056768K
  class space    used 625K, capacity 648K, committed 768K, reserved 1048576K

Card table byte_map: [0x0000000109b29000,0x0000000109f2a000] byte_map_base: 0x0000000106129000

Marking Bits: (ParMarkBitMap*) 0x00000001090c27a0
 Begin Bits: [0x00000001194a6000, 0x000000011b4a6000)
 End Bits:   [0x000000011b4a6000, 0x000000011d4a6000)

Polling page: 0x0000000107eb0000

CodeCache: size=245760Kb used=3334Kb max_used=3369Kb free=242425Kb
 bounds [0x000000010a1fb000, 0x000000010a54b000, 0x00000001191fb000]
 total_blobs=900 nmethods=644 adapters=178
 compilation: enabled

Compilation events (10 events):
Event: 0.853 Thread 0x00007fb735819800 nmethod 616 0x000000010a533e10 code [0x000000010a533f60, 0x000000010a534070]
Event: 0.853 Thread 0x00007fb735819800  642       1       org.apache.xerces.impl.dv.xs.StringDV::getAllowedFacets (4 bytes)
Event: 0.853 Thread 0x00007fb735819800 nmethod 642 0x000000010a5340d0 code [0x000000010a534220, 0x000000010a534330]
Event: 0.853 Thread 0x00007fb735819800  625       1       org.apache.xerces.impl.xs.opti.ElementImpl::getLineNumber (5 bytes)
Event: 0.853 Thread 0x00007fb735819800 nmethod 625 0x000000010a534390 code [0x000000010a5344e0, 0x000000010a5345f0]
Event: 0.853 Thread 0x00007fb735819800  626       1       org.apache.xerces.impl.xs.opti.ElementImpl::getColumnNumber (5 bytes)
Event: 0.853 Thread 0x00007fb735819800 nmethod 626 0x000000010a534650 code [0x000000010a5347a0, 0x000000010a5348b0]
Event: 0.853 Thread 0x00007fb735819800  627       1       org.apache.xerces.impl.xs.opti.ElementImpl::getCharacterOffset (5 bytes)
Event: 0.853 Thread 0x00007fb735819800 nmethod 627 0x000000010a534910 code [0x000000010a534a60, 0x000000010a534b70]
Event: 1.174 Thread 0x00007fb73502e000 nmethod 638 0x000000010a53d610 code [0x000000010a53daa0, 0x000000010a5437b0]

GC Heap History (0 events):
No events

Deoptimization events (9 events):
Event: 0.279 Thread 0x00007fb736007000 Uncommon trap: reason=unstable_if action=reinterpret pc=0x000000010a3072a8 method=java.lang.String.hashCode()I @ 14
Event: 0.469 Thread 0x00007fb736007000 Uncommon trap: reason=unstable_if action=reinterpret pc=0x000000010a321e20 method=java.lang.String.indexOf(II)I @ 49
Event: 0.469 Thread 0x00007fb736007000 Uncommon trap: reason=unstable_if action=reinterpret pc=0x000000010a3aac9c method=java.lang.String.substring(II)Ljava/lang/String; @ 49
Event: 0.641 Thread 0x00007fb736007000 Uncommon trap: reason=unstable_if action=reinterpret pc=0x000000010a3adc9c method=sun.net.www.ParseUtil.encodePath(Ljava/lang/String;Z)Ljava/lang/String; @ 109
Event: 0.642 Thread 0x00007fb736007000 Uncommon trap: reason=unstable_if action=reinterpret pc=0x000000010a3b7258 method=sun.misc.URLClassPath.getLoader(I)Lsun/misc/URLClassPath$Loader; @ 36
Event: 0.642 Thread 0x00007fb736007000 Uncommon trap: reason=unstable_if action=reinterpret pc=0x000000010a3b6314 method=sun.misc.URLClassPath.getLoader(I)Lsun/misc/URLClassPath$Loader; @ 36
Event: 0.646 Thread 0x00007fb736007000 Uncommon trap: reason=unstable_if action=reinterpret pc=0x000000010a3573dc method=java.lang.String.indexOf([CII[CIII)I @ 134
Event: 0.705 Thread 0x00007fb736007000 Uncommon trap: reason=unstable_if action=reinterpret pc=0x000000010a45294c method=sun.misc.MetaIndex.mayContain(Ljava/lang/String;)Z @ 13
Event: 0.834 Thread 0x00007fb736007000 Uncommon trap: reason=unstable_if action=reinterpret pc=0x000000010a500798 method=java.util.Hashtable.get(Ljava/lang/Object;)Ljava/lang/Object; @ 48

Internal exceptions (10 events):
Event: 0.646 Thread 0x00007fb736007000 Exception <a 'java/security/PrivilegedActionException'> (0x00000007966ab568) thrown at [/Users/java_re/workspace/8-2-build-macosx-x86_64/jdk8u40/3153/hotspot/src/share/vm/prims/jvm.cpp, line 1382]
Event: 0.646 Thread 0x00007fb736007000 Exception <a 'java/security/PrivilegedActionException'> (0x00000007966ab8b0) thrown at [/Users/java_re/workspace/8-2-build-macosx-x86_64/jdk8u40/3153/hotspot/src/share/vm/prims/jvm.cpp, line 1382]
Event: 0.647 Thread 0x00007fb736007000 Exception <a 'java/security/PrivilegedActionException'> (0x00000007966ac738) thrown at [/Users/java_re/workspace/8-2-build-macosx-x86_64/jdk8u40/3153/hotspot/src/share/vm/prims/jvm.cpp, line 1382]
Event: 0.647 Thread 0x00007fb736007000 Exception <a 'java/security/PrivilegedActionException'> (0x00000007966aca80) thrown at [/Users/java_re/workspace/8-2-build-macosx-x86_64/jdk8u40/3153/hotspot/src/share/vm/prims/jvm.cpp, line 1382]
Event: 0.647 Thread 0x00007fb736007000 Exception <a 'java/security/PrivilegedActionException'> (0x00000007966ad938) thrown at [/Users/java_re/workspace/8-2-build-macosx-x86_64/jdk8u40/3153/hotspot/src/share/vm/prims/jvm.cpp, line 1382]
Event: 0.647 Thread 0x00007fb736007000 Exception <a 'java/security/PrivilegedActionException'> (0x00000007966adc80) thrown at [/Users/java_re/workspace/8-2-build-macosx-x86_64/jdk8u40/3153/hotspot/src/share/vm/prims/jvm.cpp, line 1382]
Event: 0.662 Thread 0x00007fb736007000 Exception <a 'java/security/PrivilegedActionException'> (0x0000000796746ee8) thrown at [/Users/java_re/workspace/8-2-build-macosx-x86_64/jdk8u40/3153/hotspot/src/share/vm/prims/jvm.cpp, line 1382]
Event: 0.662 Thread 0x00007fb736007000 Exception <a 'java/security/PrivilegedActionException'> (0x0000000796747230) thrown at [/Users/java_re/workspace/8-2-build-macosx-x86_64/jdk8u40/3153/hotspot/src/share/vm/prims/jvm.cpp, line 1382]
Event: 0.686 Thread 0x00007fb736007000 Exception <a 'java/security/PrivilegedActionException'> (0x0000000796834d08) thrown at [/Users/java_re/workspace/8-2-build-macosx-x86_64/jdk8u40/3153/hotspot/src/share/vm/prims/jvm.cpp, line 1382]
Event: 0.686 Thread 0x00007fb736007000 Exception <a 'java/security/PrivilegedActionException'> (0x0000000796835050) thrown at [/Users/java_re/workspace/8-2-build-macosx-x86_64/jdk8u40/3153/hotspot/src/share/vm/prims/jvm.cpp, line 1382]

Events (10 events):
Event: 20.859 Executing VM operation: GetOrSetLocal
Event: 20.859 Executing VM operation: GetOrSetLocal done
Event: 20.859 Executing VM operation: GetOrSetLocal
Event: 20.859 Executing VM operation: GetOrSetLocal done
Event: 21.244 Executing VM operation: GetOrSetLocal
Event: 21.244 Executing VM operation: GetOrSetLocal done
Event: 21.244 Executing VM operation: GetOrSetLocal
Event: 21.244 Executing VM operation: GetOrSetLocal done
Event: 277.879 Executing VM operation: RedefineClasses
Event: 277.888 Executing VM operation: RedefineClasses done


Dynamic libraries:
0x0000000000b70000 	/System/Library/Frameworks/Cocoa.framework/Versions/A/Cocoa
0x0000000000b70000 	/System/Library/Frameworks/Security.framework/Versions/A/Security
0x0000000000b70000 	/System/Library/Frameworks/ApplicationServices.framework/Versions/A/ApplicationServices
0x0000000000b70000 	/usr/lib/libz.1.dylib
0x0000000000b70000 	/usr/lib/libSystem.B.dylib
0x0000000000b70000 	/usr/lib/libobjc.A.dylib
0x0000000000b70000 	/System/Library/Frameworks/CoreFoundation.framework/Versions/A/CoreFoundation
0x0000000000b70000 	/System/Library/Frameworks/Foundation.framework/Versions/C/Foundation
0x0000000000b70000 	/System/Library/Frameworks/AppKit.framework/Versions/C/AppKit
0x0000000000b70000 	/System/Library/Frameworks/CoreData.framework/Versions/A/CoreData
0x0000000000b70000 	/System/Library/PrivateFrameworks/RemoteViewServices.framework/Versions/A/RemoteViewServices
0x0000000000b70000 	/System/Library/PrivateFrameworks/UIFoundation.framework/Versions/A/UIFoundation
0x0000000000b70000 	/System/Library/PrivateFrameworks/DFRFoundation.framework/Versions/A/DFRFoundation
0x0000000000b70000 	/usr/lib/libenergytrace.dylib
0x0000000000b70000 	/System/Library/PrivateFrameworks/SkyLight.framework/Versions/A/SkyLight
0x0000000000b70000 	/System/Library/Frameworks/CoreGraphics.framework/Versions/A/CoreGraphics
0x0000000000b70000 	/usr/lib/libScreenReader.dylib
0x0000000000b70000 	/System/Library/Frameworks/Accelerate.framework/Versions/A/Accelerate
0x0000000000b70000 	/System/Library/Frameworks/IOSurface.framework/Versions/A/IOSurface
0x0000000000b70000 	/System/Library/Frameworks/AudioToolbox.framework/Versions/A/AudioToolbox
0x0000000000b70000 	/System/Library/Frameworks/AudioUnit.framework/Versions/A/AudioUnit
0x0000000000b70000 	/System/Library/PrivateFrameworks/DataDetectorsCore.framework/Versions/A/DataDetectorsCore
0x0000000000b70000 	/System/Library/PrivateFrameworks/DesktopServicesPriv.framework/Versions/A/DesktopServicesPriv
0x0000000000b70000 	/System/Library/Frameworks/Carbon.framework/Versions/A/Frameworks/HIToolbox.framework/Versions/A/HIToolbox
0x0000000000b70000 	/usr/lib/libicucore.A.dylib
0x0000000000b70000 	/System/Library/Frameworks/QuartzCore.framework/Versions/A/QuartzCore
0x0000000000b70000 	/System/Library/Frameworks/Carbon.framework/Versions/A/Frameworks/SpeechRecognition.framework/Versions/A/SpeechRecognition
0x0000000000b70000 	/usr/lib/libauto.dylib
0x0000000000b70000 	/usr/lib/libxml2.2.dylib
0x0000000000b70000 	/System/Library/PrivateFrameworks/CoreUI.framework/Versions/A/CoreUI
0x0000000000b70000 	/System/Library/Frameworks/CoreAudio.framework/Versions/A/CoreAudio
0x0000000000b70000 	/System/Library/Frameworks/DiskArbitration.framework/Versions/A/DiskArbitration
0x0000000000b70000 	/usr/lib/liblangid.dylib
0x0000000000b70000 	/System/Library/PrivateFrameworks/MultitouchSupport.framework/Versions/A/MultitouchSupport
0x0000000000b70000 	/System/Library/Frameworks/IOKit.framework/Versions/A/IOKit
0x0000000000b70000 	/usr/lib/libDiagnosticMessagesClient.dylib
0x0000000000b70000 	/System/Library/Frameworks/CoreServices.framework/Versions/A/CoreServices
0x0000000000b70000 	/System/Library/PrivateFrameworks/PerformanceAnalysis.framework/Versions/A/PerformanceAnalysis
0x0000000000b70000 	/System/Library/PrivateFrameworks/GenerationalStorage.framework/Versions/A/GenerationalStorage
0x0000000000b70000 	/System/Library/Frameworks/OpenGL.framework/Versions/A/OpenGL
0x0000000000b70000 	/System/Library/Frameworks/CoreImage.framework/Versions/A/CoreImage
0x0000000000b70000 	/System/Library/Frameworks/CoreText.framework/Versions/A/CoreText
0x0000000000b70000 	/System/Library/Frameworks/ImageIO.framework/Versions/A/ImageIO
0x0000000000b70000 	/System/Library/PrivateFrameworks/Backup.framework/Versions/A/Backup
0x0000000000b70000 	/usr/lib/libarchive.2.dylib
0x0000000000b70000 	/System/Library/Frameworks/CFNetwork.framework/Versions/A/CFNetwork
0x0000000000b70000 	/System/Library/Frameworks/SystemConfiguration.framework/Versions/A/SystemConfiguration
0x0000000000b70000 	/usr/lib/libCRFSuite.dylib
0x0000000000b70000 	/usr/lib/libc++.1.dylib
0x0000000000b70000 	/usr/lib/libc++abi.dylib
0x0000000000b70000 	/usr/lib/system/libcache.dylib
0x0000000000b70000 	/usr/lib/system/libcommonCrypto.dylib
0x0000000000b70000 	/usr/lib/system/libcompiler_rt.dylib
0x0000000000b70000 	/usr/lib/system/libcopyfile.dylib
0x0000000000b70000 	/usr/lib/system/libcorecrypto.dylib
0x0000000000b70000 	/usr/lib/system/libdispatch.dylib
0x0000000000b70000 	/usr/lib/system/libdyld.dylib
0x0000000000b70000 	/usr/lib/system/libkeymgr.dylib
0x0000000000b70000 	/usr/lib/system/liblaunch.dylib
0x0000000000b70000 	/usr/lib/system/libmacho.dylib
0x0000000000b70000 	/usr/lib/system/libquarantine.dylib
0x0000000000b70000 	/usr/lib/system/libremovefile.dylib
0x0000000000b70000 	/usr/lib/system/libsystem_asl.dylib
0x0000000000b70000 	/usr/lib/system/libsystem_blocks.dylib
0x0000000000b70000 	/usr/lib/system/libsystem_c.dylib
0x0000000000b70000 	/usr/lib/system/libsystem_configuration.dylib
0x0000000000b70000 	/usr/lib/system/libsystem_coreservices.dylib
0x0000000000b70000 	/usr/lib/system/libsystem_coretls.dylib
0x0000000000b70000 	/usr/lib/system/libsystem_dnssd.dylib
0x0000000000b70000 	/usr/lib/system/libsystem_info.dylib
0x0000000000b70000 	/usr/lib/system/libsystem_kernel.dylib
0x0000000000b70000 	/usr/lib/system/libsystem_m.dylib
0x0000000000b70000 	/usr/lib/system/libsystem_malloc.dylib
0x0000000000b70000 	/usr/lib/system/libsystem_network.dylib
0x0000000000b70000 	/usr/lib/system/libsystem_networkextension.dylib
0x0000000000b70000 	/usr/lib/system/libsystem_notify.dylib
0x0000000000b70000 	/usr/lib/system/libsystem_platform.dylib
0x0000000000b70000 	/usr/lib/system/libsystem_pthread.dylib
0x0000000000b70000 	/usr/lib/system/libsystem_sandbox.dylib
0x0000000000b70000 	/usr/lib/system/libsystem_secinit.dylib
0x0000000000b70000 	/usr/lib/system/libsystem_symptoms.dylib
0x0000000000b70000 	/usr/lib/system/libsystem_trace.dylib
0x0000000000b70000 	/usr/lib/system/libunwind.dylib
0x0000000000b70000 	/usr/lib/system/libxpc.dylib
0x0000000000b70000 	/usr/lib/libbsm.0.dylib
0x0000000000b70000 	/usr/lib/system/libkxld.dylib
0x0000000000b70000 	/usr/lib/libcoretls.dylib
0x0000000000b70000 	/usr/lib/libcoretls_cfhelpers.dylib
0x0000000000b70000 	/usr/lib/libOpenScriptingUtil.dylib
0x0000000000b70000 	/usr/lib/libpam.2.dylib
0x0000000000b70000 	/usr/lib/libsqlite3.dylib
0x0000000000b70000 	/usr/lib/libxar.1.dylib
0x0000000000b70000 	/usr/lib/libbz2.1.0.dylib
0x0000000000b70000 	/usr/lib/liblzma.5.dylib
0x0000000000b70000 	/usr/lib/libnetwork.dylib
0x0000000000b70000 	/usr/lib/libpcap.A.dylib
0x0000000000b70000 	/System/Library/Frameworks/CoreServices.framework/Versions/A/Frameworks/FSEvents.framework/Versions/A/FSEvents
0x0000000000b70000 	/System/Library/Frameworks/CoreServices.framework/Versions/A/Frameworks/CarbonCore.framework/Versions/A/CarbonCore
0x0000000000b70000 	/System/Library/Frameworks/CoreServices.framework/Versions/A/Frameworks/Metadata.framework/Versions/A/Metadata
0x0000000000b70000 	/System/Library/Frameworks/CoreServices.framework/Versions/A/Frameworks/OSServices.framework/Versions/A/OSServices
0x0000000000b70000 	/System/Library/Frameworks/CoreServices.framework/Versions/A/Frameworks/SearchKit.framework/Versions/A/SearchKit
0x0000000000b70000 	/System/Library/Frameworks/CoreServices.framework/Versions/A/Frameworks/AE.framework/Versions/A/AE
0x0000000000b70000 	/System/Library/Frameworks/CoreServices.framework/Versions/A/Frameworks/LaunchServices.framework/Versions/A/LaunchServices
0x0000000000b70000 	/System/Library/Frameworks/CoreServices.framework/Versions/A/Frameworks/DictionaryServices.framework/Versions/A/DictionaryServices
0x0000000000b70000 	/System/Library/Frameworks/CoreServices.framework/Versions/A/Frameworks/SharedFileList.framework/Versions/A/SharedFileList
0x0000000000b70000 	/System/Library/Frameworks/NetFS.framework/Versions/A/NetFS
0x0000000000b70000 	/System/Library/PrivateFrameworks/NetAuth.framework/Versions/A/NetAuth
0x0000000000b70000 	/System/Library/PrivateFrameworks/login.framework/Versions/A/Frameworks/loginsupport.framework/Versions/A/loginsupport
0x0000000000b70000 	/System/Library/PrivateFrameworks/TCC.framework/Versions/A/TCC
0x0000000000b70000 	/usr/lib/libmecabra.dylib
0x0000000000b70000 	/System/Library/Frameworks/ApplicationServices.framework/Versions/A/Frameworks/ATS.framework/Versions/A/ATS
0x0000000000b70000 	/System/Library/Frameworks/ApplicationServices.framework/Versions/A/Frameworks/ColorSync.framework/Versions/A/ColorSync
0x0000000000b70000 	/System/Library/Frameworks/ApplicationServices.framework/Versions/A/Frameworks/HIServices.framework/Versions/A/HIServices
0x0000000000b70000 	/System/Library/Frameworks/ApplicationServices.framework/Versions/A/Frameworks/LangAnalysis.framework/Versions/A/LangAnalysis
0x0000000000b70000 	/System/Library/Frameworks/ApplicationServices.framework/Versions/A/Frameworks/PrintCore.framework/Versions/A/PrintCore
0x0000000000b70000 	/System/Library/Frameworks/ApplicationServices.framework/Versions/A/Frameworks/QD.framework/Versions/A/QD
0x0000000000b70000 	/System/Library/Frameworks/ApplicationServices.framework/Versions/A/Frameworks/SpeechSynthesis.framework/Versions/A/SpeechSynthesis
0x0000000000b70000 	/System/Library/Frameworks/Accelerate.framework/Versions/A/Frameworks/vImage.framework/Versions/A/vImage
0x0000000000b70000 	/System/Library/Frameworks/Accelerate.framework/Versions/A/Frameworks/vecLib.framework/Versions/A/vecLib
0x0000000000b70000 	/System/Library/Frameworks/Accelerate.framework/Versions/A/Frameworks/vecLib.framework/Versions/A/libvDSP.dylib
0x0000000000b70000 	/System/Library/Frameworks/Accelerate.framework/Versions/A/Frameworks/vecLib.framework/Versions/A/libBNNS.dylib
0x0000000000b70000 	/System/Library/Frameworks/Accelerate.framework/Versions/A/Frameworks/vecLib.framework/Versions/A/libQuadrature.dylib
0x0000000000b70000 	/System/Library/Frameworks/Accelerate.framework/Versions/A/Frameworks/vecLib.framework/Versions/A/libvMisc.dylib
0x0000000000b70000 	/System/Library/Frameworks/Accelerate.framework/Versions/A/Frameworks/vecLib.framework/Versions/A/libLAPACK.dylib
0x0000000000b70000 	/System/Library/Frameworks/Accelerate.framework/Versions/A/Frameworks/vecLib.framework/Versions/A/libBLAS.dylib
0x0000000000b70000 	/System/Library/Frameworks/Accelerate.framework/Versions/A/Frameworks/vecLib.framework/Versions/A/libLinearAlgebra.dylib
0x0000000000b70000 	/System/Library/Frameworks/Accelerate.framework/Versions/A/Frameworks/vecLib.framework/Versions/A/libSparseBLAS.dylib
0x0000000000b70000 	/System/Library/Frameworks/ApplicationServices.framework/Versions/A/Frameworks/ATS.framework/Versions/A/Resources/libFontParser.dylib
0x0000000000b70000 	/System/Library/Frameworks/ApplicationServices.framework/Versions/A/Frameworks/ATS.framework/Versions/A/Resources/libFontRegistry.dylib
0x0000000000b70000 	/System/Library/Frameworks/ImageIO.framework/Versions/A/Resources/libJPEG.dylib
0x0000000000b70000 	/System/Library/Frameworks/ImageIO.framework/Versions/A/Resources/libTIFF.dylib
0x0000000000b70000 	/System/Library/Frameworks/ImageIO.framework/Versions/A/Resources/libPng.dylib
0x0000000000b70000 	/System/Library/Frameworks/ImageIO.framework/Versions/A/Resources/libGIF.dylib
0x0000000000b70000 	/System/Library/Frameworks/ImageIO.framework/Versions/A/Resources/libJP2.dylib
0x0000000000b70000 	/System/Library/Frameworks/ImageIO.framework/Versions/A/Resources/libRadiance.dylib
0x0000000000b70000 	/usr/lib/libcompression.dylib
0x0000000000b70000 	/System/Library/PrivateFrameworks/AppleJPEG.framework/Versions/A/AppleJPEG
0x0000000000b70000 	/usr/lib/libcups.2.dylib
0x0000000000b70000 	/System/Library/Frameworks/Kerberos.framework/Versions/A/Kerberos
0x0000000000b70000 	/System/Library/Frameworks/GSS.framework/Versions/A/GSS
0x0000000000b70000 	/usr/lib/libresolv.9.dylib
0x0000000000b70000 	/usr/lib/libiconv.2.dylib
0x0000000000b70000 	/System/Library/PrivateFrameworks/Heimdal.framework/Versions/A/Heimdal
0x0000000000b70000 	/usr/lib/libheimdal-asn1.dylib
0x0000000000b70000 	/System/Library/Frameworks/OpenDirectory.framework/Versions/A/OpenDirectory
0x0000000000b70000 	/System/Library/PrivateFrameworks/CommonAuth.framework/Versions/A/CommonAuth
0x0000000000b70000 	/System/Library/Frameworks/OpenDirectory.framework/Versions/A/Frameworks/CFOpenDirectory.framework/Versions/A/CFOpenDirectory
0x0000000000b70000 	/System/Library/Frameworks/SecurityFoundation.framework/Versions/A/SecurityFoundation
0x0000000000b70000 	/System/Library/PrivateFrameworks/LanguageModeling.framework/Versions/A/LanguageModeling
0x0000000000b70000 	/usr/lib/libmarisa.dylib
0x0000000000b70000 	/usr/lib/libChineseTokenizer.dylib
0x0000000000b70000 	/usr/lib/libcmph.dylib
0x0000000000b70000 	/System/Library/PrivateFrameworks/CoreEmoji.framework/Versions/A/CoreEmoji
0x0000000000b70000 	/System/Library/Frameworks/ServiceManagement.framework/Versions/A/ServiceManagement
0x0000000000b70000 	/usr/lib/libxslt.1.dylib
0x0000000000b70000 	/System/Library/Frameworks/Carbon.framework/Versions/A/Frameworks/Ink.framework/Versions/A/Ink
0x0000000000b70000 	/System/Library/PrivateFrameworks/TextureIO.framework/Versions/A/TextureIO
0x0000000000b70000 	/System/Library/Frameworks/Metal.framework/Versions/A/Metal
0x0000000000b70000 	/usr/lib/libate.dylib
0x0000000000b70000 	/System/Library/PrivateFrameworks/GPUCompiler.framework/libmetal_timestamp.dylib
0x0000000000b70000 	/System/Library/Frameworks/OpenGL.framework/Versions/A/Libraries/libCoreFSCache.dylib
0x0000000000b70000 	/System/Library/PrivateFrameworks/IOAccelerator.framework/Versions/A/IOAccelerator
0x0000000000b70000 	/System/Library/Frameworks/CoreVideo.framework/Versions/A/CoreVideo
0x0000000000b70000 	/usr/lib/libFosl_dynamic.dylib
0x0000000000b70000 	/System/Library/PrivateFrameworks/MetalPerformanceShaders.framework/Versions/A/MetalPerformanceShaders
0x0000000000b70000 	/System/Library/PrivateFrameworks/FaceCore.framework/Versions/A/FaceCore
0x0000000000b70000 	/System/Library/Frameworks/OpenCL.framework/Versions/A/OpenCL
0x0000000000b70000 	/System/Library/Frameworks/OpenGL.framework/Versions/A/Libraries/libGLU.dylib
0x0000000000b70000 	/System/Library/Frameworks/OpenGL.framework/Versions/A/Libraries/libGFXShared.dylib
0x0000000000b70000 	/System/Library/Frameworks/OpenGL.framework/Versions/A/Libraries/libGL.dylib
0x0000000000b70000 	/System/Library/Frameworks/OpenGL.framework/Versions/A/Libraries/libGLImage.dylib
0x0000000000b70000 	/System/Library/Frameworks/OpenGL.framework/Versions/A/Libraries/libCVMSPluginSupport.dylib
0x0000000000b70000 	/System/Library/Frameworks/OpenGL.framework/Versions/A/Libraries/libCoreVMClient.dylib
0x0000000000b70000 	/System/Library/PrivateFrameworks/CrashReporterSupport.framework/Versions/A/CrashReporterSupport
0x0000000000b70000 	/System/Library/PrivateFrameworks/Sharing.framework/Versions/A/Sharing
0x0000000000b70000 	/System/Library/PrivateFrameworks/IconServices.framework/Versions/A/IconServices
0x0000000000b70000 	/System/Library/PrivateFrameworks/ProtocolBuffer.framework/Versions/A/ProtocolBuffer
0x0000000000b70000 	/System/Library/PrivateFrameworks/Apple80211.framework/Versions/A/Apple80211
0x0000000000b70000 	/System/Library/Frameworks/CoreWLAN.framework/Versions/A/CoreWLAN
0x0000000000b70000 	/System/Library/PrivateFrameworks/CoreUtils.framework/Versions/A/CoreUtils
0x0000000000b70000 	/System/Library/Frameworks/IOBluetooth.framework/Versions/A/IOBluetooth
0x0000000000b70000 	/System/Library/PrivateFrameworks/CoreWiFi.framework/Versions/A/CoreWiFi
0x0000000000b70000 	/System/Library/Frameworks/CoreBluetooth.framework/Versions/A/CoreBluetooth
0x0000000000b70000 	/System/Library/Frameworks/CoreDisplay.framework/Versions/A/CoreDisplay
0x0000000000b70000 	/System/Library/PrivateFrameworks/IOPresentment.framework/Versions/A/IOPresentment
0x0000000000b70000 	/System/Library/PrivateFrameworks/DSExternalDisplay.framework/Versions/A/DSExternalDisplay
0x0000000000b70000 	/System/Library/PrivateFrameworks/DebugSymbols.framework/Versions/A/DebugSymbols
0x0000000000b70000 	/System/Library/PrivateFrameworks/CoreSymbolication.framework/Versions/A/CoreSymbolication
0x0000000000b70000 	/System/Library/PrivateFrameworks/Symbolication.framework/Versions/A/Symbolication
0x0000000000b70000 	/System/Library/PrivateFrameworks/AppleFSCompression.framework/Versions/A/AppleFSCompression
0x0000000000b70000 	/System/Library/PrivateFrameworks/SpeechRecognitionCore.framework/Versions/A/SpeechRecognitionCore
0x0000000000b70000 	/System/Library/PrivateFrameworks/ChunkingLibrary.framework/Versions/A/ChunkingLibrary
0x0000000108800000 	/Library/Java/JavaVirtualMachines/jdk1.8.0_40.jdk/Contents/Home/jre/lib/server/libjvm.dylib
0x0000000000b70000 	/usr/lib/libstdc++.6.dylib
0x0000000107e6d000 	/Library/Java/JavaVirtualMachines/jdk1.8.0_40.jdk/Contents/Home/jre/lib/libverify.dylib
0x0000000107e7b000 	/Library/Java/JavaVirtualMachines/jdk1.8.0_40.jdk/Contents/Home/jre/lib/libjava.dylib
0x0000000107eb1000 	/Library/Java/JavaVirtualMachines/jdk1.8.0_40.jdk/Contents/Home/jre/lib/libjdwp.dylib
0x0000000107efc000 	/Library/Java/JavaVirtualMachines/jdk1.8.0_40.jdk/Contents/Home/jre/lib/libnpt.dylib
0x0000000107f09000 	/Library/Java/JavaVirtualMachines/jdk1.8.0_40.jdk/Contents/Home/jre/lib/libzip.dylib
0x000000010a151000 	/System/Library/Frameworks/JavaVM.framework/Frameworks/JavaRuntimeSupport.framework/JavaRuntimeSupport
0x000000011f08a000 	/System/Library/Frameworks/JavaVM.framework/Versions/A/Frameworks/JavaNativeFoundation.framework/Versions/A/JavaNativeFoundation
0x000000011f09f000 	/System/Library/Frameworks/JavaVM.framework/Versions/A/JavaVM
0x0000000000b70000 	/System/Library/Frameworks/Carbon.framework/Versions/A/Carbon
0x000000011f0ac000 	/System/Library/PrivateFrameworks/JavaLaunching.framework/Versions/A/JavaLaunching
0x0000000000b70000 	/System/Library/Frameworks/Carbon.framework/Versions/A/Frameworks/CommonPanels.framework/Versions/A/CommonPanels
0x0000000000b70000 	/System/Library/Frameworks/Carbon.framework/Versions/A/Frameworks/Help.framework/Versions/A/Help
0x0000000000b70000 	/System/Library/Frameworks/Carbon.framework/Versions/A/Frameworks/ImageCapture.framework/Versions/A/ImageCapture
0x0000000000b70000 	/System/Library/Frameworks/Carbon.framework/Versions/A/Frameworks/OpenScripting.framework/Versions/A/OpenScripting
0x0000000000b70000 	/System/Library/Frameworks/Carbon.framework/Versions/A/Frameworks/Print.framework/Versions/A/Print
0x0000000000b70000 	/System/Library/Frameworks/Carbon.framework/Versions/A/Frameworks/SecurityHI.framework/Versions/A/SecurityHI
0x00000001209b9000 	/Library/Java/JavaVirtualMachines/jdk1.8.0_40.jdk/Contents/Home/jre/lib/libdt_socket.dylib

VM Arguments:
jvm_args: -agentlib:jdwp=transport=dt_socket,suspend=y,address=localhost:49918 -Dfile.encoding=UTF-8 
java_command: gov.nist.healthcare.tools.hl7.v2.tcamt.lite.web.util.XSDTester
java_class_path (initial): /Users/jungyubw/Documents/Works/Projects2/tcamt/tcamt-lite-controller/target/classes:/Users/jungyubw/.m2/repository/gov/nist/hl7-v2-validation/1.1.16/hl7-v2-validation-1.1.16.jar:/Users/jungyubw/.m2/repository/gov/nist/healthcare/hl7/v2/unifiedreport/validation-proxy/1.0.6/validation-proxy-1.0.6.jar:/Users/jungyubw/Documents/Works/Projects2/tcamt/tcamt-lite-service/target/classes:/Users/jungyubw/Documents/Works/Projects2/tcamt/tcamt-lite-repo/target/classes:/Users/jungyubw/Documents/Works/Projects2/tcamt/tcamt-lite-domain/target/classes:/Users/jungyubw/.m2/repository/org/apache/httpcomponents/httpcore-nio/4.1.3/httpcore-nio-4.1.3.jar:/Users/jungyubw/.m2/repository/org/apache/httpcomponents/httpcore/4.4.6/httpcore-4.4.6.jar:/Users/jungyubw/.m2/repository/xom/xom/1.2.5/xom-1.2.5.jar:/Users/jungyubw/.m2/repository/xml-apis/xml-apis/1.3.03/xml-apis-1.3.03.jar:/Users/jungyubw/.m2/repository/xerces/xercesImpl/2.8.0/xercesImpl-2.8.0.jar:/Users/jungyubw/.m2/repository/xalan/xalan/2.7.0/xalan-2.7.0.jar:/Users/jungyubw/.m2/repository/org/codehaus/jackson/jackson-core-asl/1.9.13/jackson-core-asl-1.9.13.jar:/Users/jungyubw/.m2/repository/org/codehaus/jackson/jackson-mapper-asl/1.8.5/jackson-mapper-asl-1.8.5.jar:/Users/jungyubw/.m2/repository/org/apache/pdfbox/pdfbox/1.8.8/pdfbox-1.8.8.jar:/Users/jungyubw/.m2/repository/org/apache/pdfbox/fontbox/1.8.8/fontbox-1.8.8.jar:/Users/jungyubw/.m2/repository/org/apache/pdfbox/jempbox/1.8.8/jempbox-1.8.8.jar:/Users/jungyubw/.m2/repository/com/itextpdf/itextpdf/5.5.8/itextpdf-5.5.8.jar:/Users/jungyubw/.m2/repository/com/itextpdf/tool/xmlworker/5.5.8/xmlworker-5.5.8.jar:/Users/jungyubw/.m2/repository/org/apache/poi/poi-ooxml/3.13/poi-ooxml-3.13.jar:/Users/jungyubw/.m2/repository/org/apache/poi/poi/3.13/poi-3.13.jar:/Users/jungyubw/.m2/repository/org/apache/poi/poi-ooxml-schemas/3.13/poi-ooxml-schemas-3.13.jar:/Users/jungyubw/.m2/repository/org/apache/xmlbeans/xmlbeans/2.6.0/xmlbeans-2.6.0.jar:/Users/jungyubw/.m2
Launcher Type: SUN_STANDARD

Environment Variables:
PATH=/usr/bin:/bin:/usr/sbin:/sbin
SHELL=/bin/bash

Signal Handlers:
SIGSEGV: [libjvm.dylib+0x58ef95], sa_mask[0]=11111111011111110111111111111111, sa_flags=SA_ONSTACK|SA_RESTART|SA_SIGINFO
SIGBUS: [libjvm.dylib+0x58ef95], sa_mask[0]=11111111011111110111111111111111, sa_flags=SA_RESTART|SA_SIGINFO
SIGFPE: [libjvm.dylib+0x46c118], sa_mask[0]=11111111011111110111111111111111, sa_flags=SA_RESTART|SA_SIGINFO
SIGPIPE: [libjvm.dylib+0x46c118], sa_mask[0]=11111111011111110111111111111111, sa_flags=SA_RESTART|SA_SIGINFO
SIGXFSZ: [libjvm.dylib+0x46c118], sa_mask[0]=11111111011111110111111111111111, sa_flags=SA_RESTART|SA_SIGINFO
SIGILL: [libjvm.dylib+0x46c118], sa_mask[0]=11111111011111110111111111111111, sa_flags=SA_RESTART|SA_SIGINFO
SIGUSR1: SIG_DFL, sa_mask[0]=00000000000000000000000000000000, sa_flags=none
SIGUSR2: [libjvm.dylib+0x46bc36], sa_mask[0]=00100000000000000000000000000000, sa_flags=SA_RESTART|SA_SIGINFO
SIGHUP: [libjvm.dylib+0x46a209], sa_mask[0]=11111111011111110111111111111111, sa_flags=SA_RESTART|SA_SIGINFO
SIGINT: [libjvm.dylib+0x46a209], sa_mask[0]=11111111011111110111111111111111, sa_flags=SA_RESTART|SA_SIGINFO
SIGTERM: [libjvm.dylib+0x46a209], sa_mask[0]=11111111011111110111111111111111, sa_flags=SA_RESTART|SA_SIGINFO
SIGQUIT: [libjvm.dylib+0x46a209], sa_mask[0]=11111111011111110111111111111111, sa_flags=SA_RESTART|SA_SIGINFO


---------------  S Y S T E M  ---------------

OS:Bsduname:Darwin 16.7.0 Darwin Kernel Version 16.7.0: Wed Oct  4 00:17:00 PDT 2017; root:xnu-3789.71.6~1/RELEASE_X86_64 x86_64
rlimit: STACK 8192k, CORE 0k, NPROC 709, NOFILE 10240, AS infinity
load average:1.85 2.04 2.50

CPU:total 4 (2 cores per cpu, 2 threads per core) family 6 model 69 stepping 1, cmov, cx8, fxsr, mmx, sse, sse2, sse3, ssse3, sse4.1, sse4.2, popcnt, avx, avx2, aes, clmul, erms, rtm, lzcnt, ht, tsc, tscinvbit, bmi1, bmi2

Memory: 4k page, physical 8388608k(50768k free)

/proc/meminfo:


vm_info: Java HotSpot(TM) 64-Bit Server VM (25.40-b25) for bsd-amd64 JRE (1.8.0_40-b27), built on Mar 13 2015 04:46:52 by "java_re" with gcc 4.2.1 (Based on Apple Inc. build 5658) (LLVM build 2336.11.00)

time: Tue Nov 14 22:07:14 2017
elapsed time: 277 seconds (0d 0h 4m 37s)

